syncManagerDemoGoogleTasks/build/outputs/logs/manifest-merger-debug-report.txt
-- Merging decision tree log ---
manifest
ADDED from src\main\AndroidManifest.xml:1:1-57:12
	xmlns:android
		ADDED from src\main\AndroidManifest.xml:1:11-69
	package
		ADDED from src\main\AndroidManifest.xml:2:5-47
		INJECTED from src\main\AndroidManifest.xml
		INJECTED from src\main\AndroidManifest.xml
	android:versionName
		ADDED from src\main\AndroidManifest.xml:4:5-30
		INJECTED from src\main\AndroidManifest.xml
		INJECTED from src\main\AndroidManifest.xml
	android:versionCode
		ADDED from src\main\AndroidManifest.xml:3:5-28
		INJECTED from src\main\AndroidManifest.xml
		INJECTED from src\main\AndroidManifest.xml
uses-sdk
ADDED from src\main\AndroidManifest.xml:6:5-8:41
MERGED from [SyncManagerAndroid-DemoGoogleTasks1:syncManager:unspecified] AndroidManifest.xml:7:5-9:41
MERGED from [com.android.support:appcompat-v7:23.1.1] AndroidManifest.xml:20:5-43
MERGED from [com.android.support:support-v4:23.1.1] AndroidManifest.xml:20:5-43
MERGED from [com.google.android.gms:play-services-identity:7.8.0] AndroidManifest.xml:18:5-42
MERGED from [com.google.android.gms:play-services-base:7.8.0] AndroidManifest.xml:18:5-42
MERGED from [com.android.support:support-v4:23.1.1] AndroidManifest.xml:20:5-43
	android:targetSdkVersion
		ADDED from src\main\AndroidManifest.xml:8:9-38
		INJECTED from src\main\AndroidManifest.xml
		INJECTED from src\main\AndroidManifest.xml
	android:minSdkVersion
		ADDED from src\main\AndroidManifest.xml:7:9-35
		INJECTED from src\main\AndroidManifest.xml
		INJECTED from src\main\AndroidManifest.xml
uses-permission#android.permission.INTERNET
ADDED from src\main\AndroidManifest.xml:10:5-11:57
	android:name
		ADDED from src\main\AndroidManifest.xml:11:13-55
uses-permission#android.permission.READ_SYNC_SETTINGS
ADDED from src\main\AndroidManifest.xml:12:5-13:67
	android:name
		ADDED from src\main\AndroidManifest.xml:13:13-65
uses-permission#android.permission.WRITE_SYNC_SETTINGS
ADDED from src\main\AndroidManifest.xml:14:5-15:68
	android:name
		ADDED from src\main\AndroidManifest.xml:15:13-66
uses-permission#android.permission.GET_ACCOUNTS
ADDED from src\main\AndroidManifest.xml:16:5-17:61
	android:name
		ADDED from src\main\AndroidManifest.xml:17:13-59
application
ADDED from src\main\AndroidManifest.xml:19:5-55:19
MERGED from [SyncManagerAndroid-DemoGoogleTasks1:syncManager:unspecified] AndroidManifest.xml:11:5-47
MERGED from [com.android.support:appcompat-v7:23.1.1] AndroidManifest.xml:22:5-20
MERGED from [com.android.support:support-v4:23.1.1] AndroidManifest.xml:22:5-20
MERGED from [com.google.android.gms:play-services-identity:7.8.0] AndroidManifest.xml:19:5-20
MERGED from [com.google.android.gms:play-services-base:7.8.0] AndroidManifest.xml:20:5-24:19
MERGED from [com.android.support:support-v4:23.1.1] AndroidManifest.xml:22:5-20
	android:label
		ADDED from src\main\AndroidManifest.xml:22:9-41
	android:allowBackup
		ADDED from src\main\AndroidManifest.xml:20:9-35
	android:icon
		ADDED from src\main\AndroidManifest.xml:21:9-45
	android:theme
		ADDED from src\main\AndroidManifest.xml:23:9-40
meta-data#com.google.android.gms.version
ADDED from src\main\AndroidManifest.xml:25:9-26:67
MERGED from [com.google.android.gms:play-services-base:7.8.0] AndroidManifest.xml:21:9-23:69
	android:name
		ADDED from src\main\AndroidManifest.xml:25:20-65
	android:value
		ADDED from src\main\AndroidManifest.xml:26:11-64
activity#com.rogansoft.tasksdemo.MainActivity
ADDED from src\main\AndroidManifest.xml:28:9-34:20
	android:label
		ADDED from src\main\AndroidManifest.xml:29:19-51
	android:name
		ADDED from src\main\AndroidManifest.xml:28:19-70
intent-filter#android.intent.action.MAIN+android.intent.category.LAUNCHER
ADDED from src\main\AndroidManifest.xml:30:13-33:29
action#android.intent.action.MAIN
ADDED from src\main\AndroidManifest.xml:31:17-69
	android:name
		ADDED from src\main\AndroidManifest.xml:31:25-66
category#android.intent.category.LAUNCHER
ADDED from src\main\AndroidManifest.xml:32:17-77
	android:name
		ADDED from src\main\AndroidManifest.xml:32:27-74
activity#com.rogansoft.tasksdemo.AddTaskActivity
ADDED from src\main\AndroidManifest.xml:35:9-37:20
	android:label
		ADDED from src\main\AndroidManifest.xml:36:19-51
	android:name
		ADDED from src\main\AndroidManifest.xml:35:19-73
service#com.rogansoft.tasksdemo.sync.TaskSyncAdapterService
ADDED from src\main\AndroidManifest.xml:39:3-48:19
	android:process
		ADDED from src\main\AndroidManifest.xml:42:17-40
	android:exported
		ADDED from src\main\AndroidManifest.xml:41:17-40
	android:name
		ADDED from src\main\AndroidManifest.xml:40:17-83
intent-filter#android.content.SyncAdapter
ADDED from src\main\AndroidManifest.xml:43:13-45:29
action#android.content.SyncAdapter
ADDED from src\main\AndroidManifest.xml:44:17-69
	android:name
		ADDED from src\main\AndroidManifest.xml:44:25-67
meta-data#android.content.SyncAdapter
ADDED from src\main\AndroidManifest.xml:46:13-47:59
	android:resource
		ADDED from src\main\AndroidManifest.xml:47:21-56
	android:name
		ADDED from src\main\AndroidManifest.xml:46:24-66
provider#com.rogansoft.tasksdemo.sync.TaskSyncContentProvider
ADDED from src\main\AndroidManifest.xml:50:6-54:35
	android:syncable
		ADDED from src\main\AndroidManifest.xml:54:10-33
	android:exported
		ADDED from src\main\AndroidManifest.xml:53:10-34
	android:authorities
		ADDED from src\main\AndroidManifest.xml:52:10-84
	android:name
		ADDED from src\main\AndroidManifest.xml:51:10-77